<?xml version="1.0" encoding="UTF-8" ?>
<testsuite failures="0" time="2.5" errors="0" skipped="0" tests="1" name="org.primefaces.examples.JdbcUserDetailsTest">
  <properties>
    <property name="java.runtime.name" value="Java(TM) SE Runtime Environment"/>
    <property name="sun.boot.library.path" value="C:\Program\MyEclipse\Common\binary\com.sun.java.jdk.win32.x86_1.6.0.013\jre\bin"/>
    <property name="java.vm.version" value="11.3-b02"/>
    <property name="java.vm.vendor" value="Sun Microsystems Inc."/>
    <property name="java.vendor.url" value="http://java.sun.com/"/>
    <property name="path.separator" value=";"/>
    <property name="java.vm.name" value="Java HotSpot(TM) Client VM"/>
    <property name="file.encoding.pkg" value="sun.io"/>
    <property name="user.country" value="SE"/>
    <property name="sun.java.launcher" value="SUN_STANDARD"/>
    <property name="sun.os.patch.level" value="Service Pack 3"/>
    <property name="java.vm.specification.name" value="Java Virtual Machine Specification"/>
    <property name="user.dir" value="C:\Workspace\prime-sweet"/>
    <property name="java.runtime.version" value="1.6.0_13-b03"/>
    <property name="java.awt.graphicsenv" value="sun.awt.Win32GraphicsEnvironment"/>
    <property name="basedir" value="C:\Workspace\prime-sweet"/>
    <property name="java.endorsed.dirs" value="C:\Program\MyEclipse\Common\binary\com.sun.java.jdk.win32.x86_1.6.0.013\jre\lib\endorsed"/>
    <property name="os.arch" value="x86"/>
    <property name="surefire.real.class.path" value="C:\DOCUME~1\dli\LOKALA~1\Temp\surefirebooter3931328348634414061.jar"/>
    <property name="java.io.tmpdir" value="C:\DOCUME~1\dli\LOKALA~1\Temp\"/>
    <property name="line.separator" value="
"/>
    <property name="java.vm.specification.vendor" value="Sun Microsystems Inc."/>
    <property name="user.variant" value=""/>
    <property name="os.name" value="Windows XP"/>
    <property name="sun.java2d.noddraw" value="true"/>
    <property name="sun.jnu.encoding" value="Cp1252"/>
    <property name="java.library.path" value="C:\Program\MyEclipse\Common\binary\com.sun.java.jdk.win32.x86_1.6.0.013\jre\bin;.;C:\WINDOWS\Sun\Java\bin;C:\WINDOWS\system32;C:\WINDOWS;C:\Program\ProcessMaker-2_0_8\php;C:\WINDOWS\system32;C:\WINDOWS;C:\WINDOWS\System32\Wbem;C:\WINDOWS\system32\nls;C:\WINDOWS\system32\nls\ENGLISH;C:\Program\Novell\ZENworks\;C:\PROGRAM\ESSBASE\BIN;C:\Program\Microsoft SQL Server\80\Tools\Binn\;C:\Program\Microsoft SQL Server\90\DTS\Binn\;C:\Program\Microsoft SQL Server\90\Tools\binn\;C:\Program\Microsoft SQL Server\90\Tools\Binn\VSShell\Common7\IDE\;C:\Program\Microsoft Visual Studio 8\Common7\IDE\PrivateAssemblies\;C:\WINDOWS\system32\WindowsPowerShell\v1.0;C:\Program\springsource\maven-2.2.1.RELEASE\bin;C:\Program\GnuWin32\bin;Z:.;Y:.;X:.;W:.;V:.;"/>
    <property name="surefire.test.class.path" value="C:\Workspace\prime-sweet\target\test-classes;C:\Workspace\prime-sweet\target\classes;C:\Documents and Settings\dli\.m2\repository\org\primefaces\primefaces\3.0.M2-SNAPSHOT\primefaces-3.0.M2-SNAPSHOT.jar;C:\Documents and Settings\dli\.m2\repository\org\springframework\spring-core\3.0.5.RELEASE\spring-core-3.0.5.RELEASE.jar;C:\Documents and Settings\dli\.m2\repository\org\springframework\spring-asm\3.0.5.RELEASE\spring-asm-3.0.5.RELEASE.jar;C:\Documents and Settings\dli\.m2\repository\commons-logging\commons-logging\1.1.1\commons-logging-1.1.1.jar;C:\Documents and Settings\dli\.m2\repository\org\springframework\spring-test\3.0.5.RELEASE\spring-test-3.0.5.RELEASE.jar;C:\Documents and Settings\dli\.m2\repository\org\springframework\spring-expression\3.0.5.RELEASE\spring-expression-3.0.5.RELEASE.jar;C:\Documents and Settings\dli\.m2\repository\org\springframework\spring-tx\3.0.5.RELEASE\spring-tx-3.0.5.RELEASE.jar;C:\Documents and Settings\dli\.m2\repository\aopalliance\aopalliance\1.0\aopalliance-1.0.jar;C:\Documents and Settings\dli\.m2\repository\org\springframework\spring-aop\3.0.5.RELEASE\spring-aop-3.0.5.RELEASE.jar;C:\Documents and Settings\dli\.m2\repository\org\springframework\spring-beans\3.0.5.RELEASE\spring-beans-3.0.5.RELEASE.jar;C:\Documents and Settings\dli\.m2\repository\org\springframework\spring-context\3.0.5.RELEASE\spring-context-3.0.5.RELEASE.jar;C:\Documents and Settings\dli\.m2\repository\org\springframework\security\spring-security-web\3.0.5.RELEASE\spring-security-web-3.0.5.RELEASE.jar;C:\Documents and Settings\dli\.m2\repository\org\springframework\security\spring-security-core\3.0.5.RELEASE\spring-security-core-3.0.5.RELEASE.jar;C:\Documents and Settings\dli\.m2\repository\org\aspectj\aspectjrt\1.6.8\aspectjrt-1.6.8.jar;C:\Documents and Settings\dli\.m2\repository\org\aspectj\aspectjweaver\1.6.8\aspectjweaver-1.6.8.jar;C:\Documents and Settings\dli\.m2\repository\org\springframework\spring-web\3.0.3.RELEASE\spring-web-3.0.3.RELEASE.jar;C:\Documents and Settings\dli\.m2\repository\org\springframework\spring-jdbc\3.0.5.RELEASE\spring-jdbc-3.0.5.RELEASE.jar;C:\Documents and Settings\dli\.m2\repository\org\springframework\security\spring-security-config\3.0.5.RELEASE\spring-security-config-3.0.5.RELEASE.jar;C:\Documents and Settings\dli\.m2\repository\org\springframework\spring-orm\3.0.5.RELEASE\spring-orm-3.0.5.RELEASE.jar;C:\Documents and Settings\dli\.m2\repository\org\springframework\spring-dao\2.0.8\spring-dao-2.0.8.jar;C:\Documents and Settings\dli\.m2\repository\org\apache\poi\poi\3.2-FINAL\poi-3.2-FINAL.jar;C:\Documents and Settings\dli\.m2\repository\log4j\log4j\1.2.13\log4j-1.2.13.jar;C:\Documents and Settings\dli\.m2\repository\com\lowagie\itext\1.4.8\itext-1.4.8.jar;C:\Documents and Settings\dli\.m2\repository\javax\faces\jsf-api\2.0.3\jsf-api-2.0.3.jar;C:\Documents and Settings\dli\.m2\repository\javax\faces\jsf-impl\2.0.3\jsf-impl-2.0.3.jar;C:\Documents and Settings\dli\.m2\repository\javax\servlet\servlet-api\2.4\servlet-api-2.4.jar;C:\Documents and Settings\dli\.m2\repository\cglib\cglib-nodep\2.1_3\cglib-nodep-2.1_3.jar;C:\Documents and Settings\dli\.m2\repository\javax\persistence\persistence-api\1.0\persistence-api-1.0.jar;C:\Documents and Settings\dli\.m2\repository\org\hibernate\hibernate\3.2.2.ga\hibernate-3.2.2.ga.jar;C:\Documents and Settings\dli\.m2\repository\net\sf\ehcache\ehcache\1.2.3\ehcache-1.2.3.jar;C:\Documents and Settings\dli\.m2\repository\commons-collections\commons-collections\2.1.1\commons-collections-2.1.1.jar;C:\Documents and Settings\dli\.m2\repository\javax\transaction\jta\1.0.1B\jta-1.0.1B.jar;C:\Documents and Settings\dli\.m2\repository\asm\asm-attrs\1.5.3\asm-attrs-1.5.3.jar;C:\Documents and Settings\dli\.m2\repository\dom4j\dom4j\1.6.1\dom4j-1.6.1.jar;C:\Documents and Settings\dli\.m2\repository\antlr\antlr\2.7.6\antlr-2.7.6.jar;C:\Documents and Settings\dli\.m2\repository\cglib\cglib\2.1_3\cglib-2.1_3.jar;C:\Documents and Settings\dli\.m2\repository\asm\asm\1.5.3\asm-1.5.3.jar;C:\Documents and Settings\dli\.m2\repository\org\hibernate\hibernate-annotations\3.2.1.ga\hibernate-annotations-3.2.1.ga.jar;C:\Documents and Settings\dli\.m2\repository\org\hibernate\hibernate-entitymanager\3.2.1.ga\hibernate-entitymanager-3.2.1.ga.jar;C:\Documents and Settings\dli\.m2\repository\javassist\javassist\3.3.GA\javassist-3.3.GA.jar;C:\Documents and Settings\dli\.m2\repository\jboss\jboss-archive-browsing\5.0.0alpha-200607201-119\jboss-archive-browsing-5.0.0alpha-200607201-119.jar;C:\Documents and Settings\dli\.m2\repository\hsqldb\hsqldb\1.8.0.7\hsqldb-1.8.0.7.jar;C:\Documents and Settings\dli\.m2\repository\junit\junit\4.4\junit-4.4.jar;"/>
    <property name="java.specification.name" value="Java Platform API Specification"/>
    <property name="java.class.version" value="50.0"/>
    <property name="sun.management.compiler" value="HotSpot Client Compiler"/>
    <property name="os.version" value="5.1"/>
    <property name="user.home" value="C:\Documents and Settings\dli"/>
    <property name="user.timezone" value="Europe/Berlin"/>
    <property name="java.awt.printerjob" value="sun.awt.windows.WPrinterJob"/>
    <property name="java.specification.version" value="1.6"/>
    <property name="file.encoding" value="Cp1252"/>
    <property name="user.name" value="dli"/>
    <property name="java.class.path" value="C:\Workspace\prime-sweet\target\test-classes;C:\Workspace\prime-sweet\target\classes;C:\Documents and Settings\dli\.m2\repository\org\primefaces\primefaces\3.0.M2-SNAPSHOT\primefaces-3.0.M2-SNAPSHOT.jar;C:\Documents and Settings\dli\.m2\repository\org\springframework\spring-core\3.0.5.RELEASE\spring-core-3.0.5.RELEASE.jar;C:\Documents and Settings\dli\.m2\repository\org\springframework\spring-asm\3.0.5.RELEASE\spring-asm-3.0.5.RELEASE.jar;C:\Documents and Settings\dli\.m2\repository\commons-logging\commons-logging\1.1.1\commons-logging-1.1.1.jar;C:\Documents and Settings\dli\.m2\repository\org\springframework\spring-test\3.0.5.RELEASE\spring-test-3.0.5.RELEASE.jar;C:\Documents and Settings\dli\.m2\repository\org\springframework\spring-expression\3.0.5.RELEASE\spring-expression-3.0.5.RELEASE.jar;C:\Documents and Settings\dli\.m2\repository\org\springframework\spring-tx\3.0.5.RELEASE\spring-tx-3.0.5.RELEASE.jar;C:\Documents and Settings\dli\.m2\repository\aopalliance\aopalliance\1.0\aopalliance-1.0.jar;C:\Documents and Settings\dli\.m2\repository\org\springframework\spring-aop\3.0.5.RELEASE\spring-aop-3.0.5.RELEASE.jar;C:\Documents and Settings\dli\.m2\repository\org\springframework\spring-beans\3.0.5.RELEASE\spring-beans-3.0.5.RELEASE.jar;C:\Documents and Settings\dli\.m2\repository\org\springframework\spring-context\3.0.5.RELEASE\spring-context-3.0.5.RELEASE.jar;C:\Documents and Settings\dli\.m2\repository\org\springframework\security\spring-security-web\3.0.5.RELEASE\spring-security-web-3.0.5.RELEASE.jar;C:\Documents and Settings\dli\.m2\repository\org\springframework\security\spring-security-core\3.0.5.RELEASE\spring-security-core-3.0.5.RELEASE.jar;C:\Documents and Settings\dli\.m2\repository\org\aspectj\aspectjrt\1.6.8\aspectjrt-1.6.8.jar;C:\Documents and Settings\dli\.m2\repository\org\aspectj\aspectjweaver\1.6.8\aspectjweaver-1.6.8.jar;C:\Documents and Settings\dli\.m2\repository\org\springframework\spring-web\3.0.3.RELEASE\spring-web-3.0.3.RELEASE.jar;C:\Documents and Settings\dli\.m2\repository\org\springframework\spring-jdbc\3.0.5.RELEASE\spring-jdbc-3.0.5.RELEASE.jar;C:\Documents and Settings\dli\.m2\repository\org\springframework\security\spring-security-config\3.0.5.RELEASE\spring-security-config-3.0.5.RELEASE.jar;C:\Documents and Settings\dli\.m2\repository\org\springframework\spring-orm\3.0.5.RELEASE\spring-orm-3.0.5.RELEASE.jar;C:\Documents and Settings\dli\.m2\repository\org\springframework\spring-dao\2.0.8\spring-dao-2.0.8.jar;C:\Documents and Settings\dli\.m2\repository\org\apache\poi\poi\3.2-FINAL\poi-3.2-FINAL.jar;C:\Documents and Settings\dli\.m2\repository\log4j\log4j\1.2.13\log4j-1.2.13.jar;C:\Documents and Settings\dli\.m2\repository\com\lowagie\itext\1.4.8\itext-1.4.8.jar;C:\Documents and Settings\dli\.m2\repository\javax\faces\jsf-api\2.0.3\jsf-api-2.0.3.jar;C:\Documents and Settings\dli\.m2\repository\javax\faces\jsf-impl\2.0.3\jsf-impl-2.0.3.jar;C:\Documents and Settings\dli\.m2\repository\javax\servlet\servlet-api\2.4\servlet-api-2.4.jar;C:\Documents and Settings\dli\.m2\repository\cglib\cglib-nodep\2.1_3\cglib-nodep-2.1_3.jar;C:\Documents and Settings\dli\.m2\repository\javax\persistence\persistence-api\1.0\persistence-api-1.0.jar;C:\Documents and Settings\dli\.m2\repository\org\hibernate\hibernate\3.2.2.ga\hibernate-3.2.2.ga.jar;C:\Documents and Settings\dli\.m2\repository\net\sf\ehcache\ehcache\1.2.3\ehcache-1.2.3.jar;C:\Documents and Settings\dli\.m2\repository\commons-collections\commons-collections\2.1.1\commons-collections-2.1.1.jar;C:\Documents and Settings\dli\.m2\repository\javax\transaction\jta\1.0.1B\jta-1.0.1B.jar;C:\Documents and Settings\dli\.m2\repository\asm\asm-attrs\1.5.3\asm-attrs-1.5.3.jar;C:\Documents and Settings\dli\.m2\repository\dom4j\dom4j\1.6.1\dom4j-1.6.1.jar;C:\Documents and Settings\dli\.m2\repository\antlr\antlr\2.7.6\antlr-2.7.6.jar;C:\Documents and Settings\dli\.m2\repository\cglib\cglib\2.1_3\cglib-2.1_3.jar;C:\Documents and Settings\dli\.m2\repository\asm\asm\1.5.3\asm-1.5.3.jar;C:\Documents and Settings\dli\.m2\repository\org\hibernate\hibernate-annotations\3.2.1.ga\hibernate-annotations-3.2.1.ga.jar;C:\Documents and Settings\dli\.m2\repository\org\hibernate\hibernate-entitymanager\3.2.1.ga\hibernate-entitymanager-3.2.1.ga.jar;C:\Documents and Settings\dli\.m2\repository\javassist\javassist\3.3.GA\javassist-3.3.GA.jar;C:\Documents and Settings\dli\.m2\repository\jboss\jboss-archive-browsing\5.0.0alpha-200607201-119\jboss-archive-browsing-5.0.0alpha-200607201-119.jar;C:\Documents and Settings\dli\.m2\repository\hsqldb\hsqldb\1.8.0.7\hsqldb-1.8.0.7.jar;C:\Documents and Settings\dli\.m2\repository\junit\junit\4.4\junit-4.4.jar;"/>
    <property name="java.vm.specification.version" value="1.0"/>
    <property name="sun.arch.data.model" value="32"/>
    <property name="java.home" value="C:\Program\MyEclipse\Common\binary\com.sun.java.jdk.win32.x86_1.6.0.013\jre"/>
    <property name="java.specification.vendor" value="Sun Microsystems Inc."/>
    <property name="user.language" value="sv"/>
    <property name="awt.toolkit" value="sun.awt.windows.WToolkit"/>
    <property name="java.vm.info" value="mixed mode"/>
    <property name="java.version" value="1.6.0_13"/>
    <property name="java.ext.dirs" value="C:\Program\MyEclipse\Common\binary\com.sun.java.jdk.win32.x86_1.6.0.013\jre\lib\ext;C:\WINDOWS\Sun\Java\lib\ext"/>
    <property name="sun.boot.class.path" value="C:\Program\MyEclipse\Common\binary\com.sun.java.jdk.win32.x86_1.6.0.013\jre\lib\resources.jar;C:\Program\MyEclipse\Common\binary\com.sun.java.jdk.win32.x86_1.6.0.013\jre\lib\rt.jar;C:\Program\MyEclipse\Common\binary\com.sun.java.jdk.win32.x86_1.6.0.013\jre\lib\sunrsasign.jar;C:\Program\MyEclipse\Common\binary\com.sun.java.jdk.win32.x86_1.6.0.013\jre\lib\jsse.jar;C:\Program\MyEclipse\Common\binary\com.sun.java.jdk.win32.x86_1.6.0.013\jre\lib\jce.jar;C:\Program\MyEclipse\Common\binary\com.sun.java.jdk.win32.x86_1.6.0.013\jre\lib\charsets.jar;C:\Program\MyEclipse\Common\binary\com.sun.java.jdk.win32.x86_1.6.0.013\jre\classes"/>
    <property name="java.vendor" value="Sun Microsystems Inc."/>
    <property name="localRepository" value="C:\Documents and Settings\dli\.m2\repository"/>
    <property name="file.separator" value="\"/>
    <property name="java.vendor.url.bug" value="http://java.sun.com/cgi-bin/bugreport.cgi"/>
    <property name="sun.cpu.endian" value="little"/>
    <property name="sun.io.unicode.encoding" value="UnicodeLittle"/>
    <property name="sun.desktop" value="windows"/>
    <property name="sun.cpu.isalist" value="pentium_pro+mmx pentium_pro pentium+mmx pentium i486 i386 i86"/>
  </properties>
  <testcase time="2.468" classname="org.primefaces.examples.JdbcUserDetailsTest" name="testFindAllGroups"/>
</testsuite>